2025-12-20 14:57:24,780 p=39350 u=tdeutsch n=ansible INFO| # /Users/tdeutsch/.ansible/collections/ansible_collections
Collection                               Version
---------------------------------------- -------

2025-12-20 14:57:24,780 p=39350 u=tdeutsch n=ansible INFO| ansible.netcommon                        2.6.1
2025-12-20 14:57:24,780 p=39350 u=tdeutsch n=ansible INFO| ansible.posix                            1.5.4
2025-12-20 14:57:24,780 p=39350 u=tdeutsch n=ansible INFO| ansible.utils                            2.11.0
2025-12-20 14:57:24,780 p=39350 u=tdeutsch n=ansible INFO| azure.azcollection                       2.3.0
2025-12-20 14:57:24,781 p=39350 u=tdeutsch n=ansible INFO| cloud.terraform                          2.0.0
2025-12-20 14:57:24,781 p=39350 u=tdeutsch n=ansible INFO| community.crypto                         2.2.4
2025-12-20 14:57:24,781 p=39350 u=tdeutsch n=ansible INFO| community.general                        8.4.0
2025-12-20 14:57:24,781 p=39350 u=tdeutsch n=ansible INFO| community.mysql                          3.1.2
2025-12-20 14:57:24,781 p=39350 u=tdeutsch n=ansible INFO| community.postgresql                     2.1.2
2025-12-20 14:57:24,781 p=39350 u=tdeutsch n=ansible INFO| community.sops                           1.6.0
2025-12-20 14:57:24,781 p=39350 u=tdeutsch n=ansible INFO| community.vmware                         4.1.0
2025-12-20 14:57:24,781 p=39350 u=tdeutsch n=ansible INFO| community.zabbix                         1.5.1
2025-12-20 14:57:24,781 p=39350 u=tdeutsch n=ansible INFO| f5networks.f5_modules                    1.15.0
2025-12-20 14:57:24,781 p=39350 u=tdeutsch n=ansible INFO| fedora.linux_system_roles                1.20.0
2025-12-20 14:57:24,781 p=39350 u=tdeutsch n=ansible INFO| geerlingguy.mac                          4.0.1
2025-12-20 14:57:24,781 p=39350 u=tdeutsch n=ansible INFO| gluster.gluster                          1.0.2
2025-12-20 14:57:24,781 p=39350 u=tdeutsch n=ansible INFO| imp1sh.ansible_managemynetwork           0.4.6
2025-12-20 14:57:24,781 p=39350 u=tdeutsch n=ansible INFO| imp1sh.ansible_openwrt                   0.6.0
2025-12-20 14:57:24,781 p=39350 u=tdeutsch n=ansible INFO| kubernetes.core                          2.4.0
2025-12-20 14:57:24,781 p=39350 u=tdeutsch n=ansible INFO| oasis_roles.system                       1.3.0
2025-12-20 14:57:24,781 p=39350 u=tdeutsch n=ansible INFO| rancherfederal.rke2_ansible              2.0.0
2025-12-20 14:57:24,781 p=39350 u=tdeutsch n=ansible INFO| robertdebock.roles                       1.10.6
2025-12-20 14:57:24,781 p=39350 u=tdeutsch n=ansible INFO| # /Users/tdeutsch/.pyenv/versions/3.11.8/envs/mac-dev-playbook-venv/lib/python3.11/site-packages/ansible/_internal/ansible_collections
Collection                               Version
---------------------------------------- -------

2025-12-20 14:57:24,781 p=39350 u=tdeutsch n=ansible INFO| ansible._protomatter                     2.19.5
2025-12-20 14:57:24,781 p=39350 u=tdeutsch n=ansible INFO| # /Users/tdeutsch/.pyenv/versions/3.11.8/envs/mac-dev-playbook-venv/lib/python3.11/site-packages/ansible_collections
Collection                               Version
---------------------------------------- -------

2025-12-20 14:57:24,781 p=39350 u=tdeutsch n=ansible INFO| amazon.aws                               10.1.2
2025-12-20 14:57:24,781 p=39350 u=tdeutsch n=ansible INFO| ansible.netcommon                        8.1.0
2025-12-20 14:57:24,781 p=39350 u=tdeutsch n=ansible INFO| ansible.posix                            2.1.0
2025-12-20 14:57:24,781 p=39350 u=tdeutsch n=ansible INFO| ansible.utils                            6.0.0
2025-12-20 14:57:24,781 p=39350 u=tdeutsch n=ansible INFO| ansible.windows                          3.2.0
2025-12-20 14:57:24,781 p=39350 u=tdeutsch n=ansible INFO| arista.eos                               12.0.0
2025-12-20 14:57:24,781 p=39350 u=tdeutsch n=ansible INFO| awx.awx                                  24.6.1
2025-12-20 14:57:24,781 p=39350 u=tdeutsch n=ansible INFO| azure.azcollection                       3.10.1
2025-12-20 14:57:24,781 p=39350 u=tdeutsch n=ansible INFO| check_point.mgmt                         6.6.0
2025-12-20 14:57:24,781 p=39350 u=tdeutsch n=ansible INFO| chocolatey.chocolatey                    1.5.3
2025-12-20 14:57:24,781 p=39350 u=tdeutsch n=ansible INFO| cisco.aci                                2.12.0
2025-12-20 14:57:24,781 p=39350 u=tdeutsch n=ansible INFO| cisco.dnac                               6.41.0
2025-12-20 14:57:24,781 p=39350 u=tdeutsch n=ansible INFO| cisco.intersight                         2.7.0
2025-12-20 14:57:24,781 p=39350 u=tdeutsch n=ansible INFO| cisco.ios                                11.1.1
2025-12-20 14:57:24,781 p=39350 u=tdeutsch n=ansible INFO| cisco.iosxr                              12.1.0
2025-12-20 14:57:24,781 p=39350 u=tdeutsch n=ansible INFO| cisco.meraki                             2.21.8
2025-12-20 14:57:24,781 p=39350 u=tdeutsch n=ansible INFO| cisco.mso                                2.11.0
2025-12-20 14:57:24,781 p=39350 u=tdeutsch n=ansible INFO| cisco.nxos                               11.0.0
2025-12-20 14:57:24,781 p=39350 u=tdeutsch n=ansible INFO| cisco.ucs                                1.16.0
2025-12-20 14:57:24,781 p=39350 u=tdeutsch n=ansible INFO| cloudscale_ch.cloud                      2.5.2
2025-12-20 14:57:24,781 p=39350 u=tdeutsch n=ansible INFO| community.aws                            10.0.0
2025-12-20 14:57:24,781 p=39350 u=tdeutsch n=ansible INFO| community.ciscosmb                       1.0.11
2025-12-20 14:57:24,782 p=39350 u=tdeutsch n=ansible INFO| community.crypto                         3.0.5
2025-12-20 14:57:24,782 p=39350 u=tdeutsch n=ansible INFO| community.digitalocean                   1.27.0
2025-12-20 14:57:24,782 p=39350 u=tdeutsch n=ansible INFO| community.dns                            3.4.0
2025-12-20 14:57:24,782 p=39350 u=tdeutsch n=ansible INFO| community.docker                         4.8.2
2025-12-20 14:57:24,782 p=39350 u=tdeutsch n=ansible INFO| community.general                        11.4.1
2025-12-20 14:57:24,782 p=39350 u=tdeutsch n=ansible INFO| community.grafana                        2.3.0
2025-12-20 14:57:24,782 p=39350 u=tdeutsch n=ansible INFO| community.hashi_vault                    7.1.0
2025-12-20 14:57:24,782 p=39350 u=tdeutsch n=ansible INFO| community.hrobot                         2.7.0
2025-12-20 14:57:24,782 p=39350 u=tdeutsch n=ansible INFO| community.library_inventory_filtering_v1 1.1.5
2025-12-20 14:57:24,782 p=39350 u=tdeutsch n=ansible INFO| community.libvirt                        2.0.0
2025-12-20 14:57:24,782 p=39350 u=tdeutsch n=ansible INFO| community.mongodb                        1.7.10
2025-12-20 14:57:24,782 p=39350 u=tdeutsch n=ansible INFO| community.mysql                          3.16.1
2025-12-20 14:57:24,782 p=39350 u=tdeutsch n=ansible INFO| community.okd                            5.0.0
2025-12-20 14:57:24,782 p=39350 u=tdeutsch n=ansible INFO| community.postgresql                     4.1.0
2025-12-20 14:57:24,782 p=39350 u=tdeutsch n=ansible INFO| community.proxmox                        1.4.0
2025-12-20 14:57:24,782 p=39350 u=tdeutsch n=ansible INFO| community.proxysql                       1.7.0
2025-12-20 14:57:24,782 p=39350 u=tdeutsch n=ansible INFO| community.rabbitmq                       1.6.0
2025-12-20 14:57:24,782 p=39350 u=tdeutsch n=ansible INFO| community.routeros                       3.13.0
2025-12-20 14:57:24,782 p=39350 u=tdeutsch n=ansible INFO| community.sap_libs                       1.5.0
2025-12-20 14:57:24,782 p=39350 u=tdeutsch n=ansible INFO| community.sops                           2.2.7
2025-12-20 14:57:24,782 p=39350 u=tdeutsch n=ansible INFO| community.vmware                         5.10.0
2025-12-20 14:57:24,782 p=39350 u=tdeutsch n=ansible INFO| community.windows                        3.0.1
2025-12-20 14:57:24,782 p=39350 u=tdeutsch n=ansible INFO| community.zabbix                         4.1.1
2025-12-20 14:57:24,782 p=39350 u=tdeutsch n=ansible INFO| containers.podman                        1.18.0
2025-12-20 14:57:24,782 p=39350 u=tdeutsch n=ansible INFO| cyberark.conjur                          1.3.8
2025-12-20 14:57:24,782 p=39350 u=tdeutsch n=ansible INFO| cyberark.pas                             1.0.36
2025-12-20 14:57:24,782 p=39350 u=tdeutsch n=ansible INFO| dellemc.enterprise_sonic                 3.2.0
2025-12-20 14:57:24,782 p=39350 u=tdeutsch n=ansible INFO| dellemc.openmanage                       9.12.3
2025-12-20 14:57:24,782 p=39350 u=tdeutsch n=ansible INFO| dellemc.powerflex                        2.6.1
2025-12-20 14:57:24,782 p=39350 u=tdeutsch n=ansible INFO| dellemc.unity                            2.1.0
2025-12-20 14:57:24,782 p=39350 u=tdeutsch n=ansible INFO| f5networks.f5_modules                    1.39.0
2025-12-20 14:57:24,782 p=39350 u=tdeutsch n=ansible INFO| fortinet.fortimanager                    2.11.0
2025-12-20 14:57:24,782 p=39350 u=tdeutsch n=ansible INFO| fortinet.fortios                         2.4.2
2025-12-20 14:57:24,782 p=39350 u=tdeutsch n=ansible INFO| google.cloud                             1.9.0
2025-12-20 14:57:24,782 p=39350 u=tdeutsch n=ansible INFO| grafana.grafana                          6.0.6
2025-12-20 14:57:24,782 p=39350 u=tdeutsch n=ansible INFO| hetzner.hcloud                           5.4.0
2025-12-20 14:57:24,782 p=39350 u=tdeutsch n=ansible INFO| hitachivantara.vspone_block              4.4.0
2025-12-20 14:57:24,782 p=39350 u=tdeutsch n=ansible INFO| hitachivantara.vspone_object             1.0.0
2025-12-20 14:57:24,782 p=39350 u=tdeutsch n=ansible INFO| ibm.qradar                               4.0.0
2025-12-20 14:57:24,782 p=39350 u=tdeutsch n=ansible INFO| ibm.storage_virtualize                   2.7.4
2025-12-20 14:57:24,782 p=39350 u=tdeutsch n=ansible INFO| ieisystem.inmanage                       3.0.0
2025-12-20 14:57:24,782 p=39350 u=tdeutsch n=ansible INFO| infinidat.infinibox                      1.6.3
2025-12-20 14:57:24,782 p=39350 u=tdeutsch n=ansible INFO| infoblox.nios_modules                    1.8.0
2025-12-20 14:57:24,782 p=39350 u=tdeutsch n=ansible INFO| inspur.ispim                             2.2.3
2025-12-20 14:57:24,782 p=39350 u=tdeutsch n=ansible INFO| junipernetworks.junos                    11.0.0
2025-12-20 14:57:24,782 p=39350 u=tdeutsch n=ansible INFO| kaytus.ksmanage                          2.0.0
2025-12-20 14:57:24,782 p=39350 u=tdeutsch n=ansible INFO| kubernetes.core                          6.2.0
2025-12-20 14:57:24,782 p=39350 u=tdeutsch n=ansible INFO| kubevirt.core                            2.2.3
2025-12-20 14:57:24,782 p=39350 u=tdeutsch n=ansible INFO| lowlydba.sqlserver                       2.7.0
2025-12-20 14:57:24,782 p=39350 u=tdeutsch n=ansible INFO| microsoft.ad                             1.9.2
2025-12-20 14:57:24,782 p=39350 u=tdeutsch n=ansible INFO| microsoft.iis                            1.0.3
2025-12-20 14:57:24,782 p=39350 u=tdeutsch n=ansible INFO| netapp.cloudmanager                      21.24.0
2025-12-20 14:57:24,782 p=39350 u=tdeutsch n=ansible INFO| netapp.ontap                             23.2.0
2025-12-20 14:57:24,782 p=39350 u=tdeutsch n=ansible INFO| netapp.storagegrid                       21.15.0
2025-12-20 14:57:24,783 p=39350 u=tdeutsch n=ansible INFO| netapp_eseries.santricity                1.4.1
2025-12-20 14:57:24,783 p=39350 u=tdeutsch n=ansible INFO| netbox.netbox                            3.21.0
2025-12-20 14:57:24,783 p=39350 u=tdeutsch n=ansible INFO| ngine_io.cloudstack                      2.5.0
2025-12-20 14:57:24,783 p=39350 u=tdeutsch n=ansible INFO| openstack.cloud                          2.5.0
2025-12-20 14:57:24,783 p=39350 u=tdeutsch n=ansible INFO| ovirt.ovirt                              3.2.1
2025-12-20 14:57:24,783 p=39350 u=tdeutsch n=ansible INFO| purestorage.flasharray                   1.39.0
2025-12-20 14:57:24,783 p=39350 u=tdeutsch n=ansible INFO| purestorage.flashblade                   1.22.0
2025-12-20 14:57:24,783 p=39350 u=tdeutsch n=ansible INFO| ravendb.ravendb                          1.0.4
2025-12-20 14:57:24,783 p=39350 u=tdeutsch n=ansible INFO| splunk.es                                4.0.0
2025-12-20 14:57:24,783 p=39350 u=tdeutsch n=ansible INFO| telekom_mms.icinga_director              2.4.0
2025-12-20 14:57:24,783 p=39350 u=tdeutsch n=ansible INFO| theforeman.foreman                       5.7.0
2025-12-20 14:57:24,783 p=39350 u=tdeutsch n=ansible INFO| vmware.vmware                            2.4.0
2025-12-20 14:57:24,783 p=39350 u=tdeutsch n=ansible INFO| vmware.vmware_rest                       4.9.0
2025-12-20 14:57:24,783 p=39350 u=tdeutsch n=ansible INFO| vultr.cloud                              1.13.0
2025-12-20 14:57:24,783 p=39350 u=tdeutsch n=ansible INFO| vyos.vyos                                6.0.0
2025-12-20 14:57:24,783 p=39350 u=tdeutsch n=ansible INFO| wti.remote                               1.0.10
